<?xml version="1.0" encoding="UTF-8"?>
<!-- Generated by org.testng.reporters.JUnitXMLReporter -->
<testsuite hostname="LAPTOP-KFNOH638" ignored="0" name="Test AA" tests="5" failures="0" timestamp="2020-08-16T13:30:42 BST" time="92.875" errors="0">
  <testcase name="runScenario" time="20.803" classname="io.cucumber.testng.AbstractTestNGCucumberTests"/>
  <testcase name="runScenario" time="16.443" classname="io.cucumber.testng.AbstractTestNGCucumberTests"/>
  <testcase name="runScenario" time="14.081" classname="io.cucumber.testng.AbstractTestNGCucumberTests"/>
  <testcase name="runScenario" time="20.661" classname="io.cucumber.testng.AbstractTestNGCucumberTests"/>
  <testcase name="runScenario" time="20.214" classname="io.cucumber.testng.AbstractTestNGCucumberTests"/>
</testsuite> <!-- Test AA -->
