<?xml version="1.0" encoding="UTF-8"?>
<testng-results skipped="0" failed="0" ignored="0" total="5" passed="5">
  <reporter-output>
  </reporter-output>
  <suite name="Suite 1" duration-ms="92875" started-at="2020-08-16T13:29:09 BST" finished-at="2020-08-16T13:30:42 BST">
    <groups>
      <group name="cucumber">
        <method signature="AbstractTestNGCucumberTests.runScenario(io.cucumber.testng.PickleWrapper, io.cucumber.testng.FeatureWrapper)[pri:0, instance:com.selenium.runner.MyTestngRunner@55d56113]" name="runScenario" class="io.cucumber.testng.AbstractTestNGCucumberTests"/>
      </group> <!-- cucumber -->
    </groups>
    <test name="Test AA" duration-ms="92875" started-at="2020-08-16T13:29:09 BST" finished-at="2020-08-16T13:30:42 BST">
      <class name="com.selenium.runner.MyTestngRunner">
        <test-method status="PASS" signature="setUpClass()[pri:0, instance:com.selenium.runner.MyTestngRunner@55d56113]" name="setUpClass" is-config="true" duration-ms="495" started-at="2020-08-16T13:29:09 BST" finished-at="2020-08-16T13:29:09 BST">
          <reporter-output>
          </reporter-output>
        </test-method> <!-- setUpClass -->
        <test-method status="PASS" signature="runScenario(io.cucumber.testng.PickleWrapper, io.cucumber.testng.FeatureWrapper)[pri:0, instance:com.selenium.runner.MyTestngRunner@55d56113]" name="runScenario" duration-ms="20803" started-at="2020-08-16T13:29:09 BST" description="Runs Cucumber Scenarios" data-provider="scenarios" finished-at="2020-08-16T13:29:30 BST">
          <params>
            <param index="0">
              <value>
                <![CDATA["Lgin to RediffMoney"]]>
              </value>
            </param>
            <param index="1">
              <value>
                <![CDATA["Optional[Loginto Rediff Money]"]]>
              </value>
            </param>
          </params>
          <reporter-output>
          </reporter-output>
        </test-method> <!-- runScenario -->
        <test-method status="PASS" signature="runScenario(io.cucumber.testng.PickleWrapper, io.cucumber.testng.FeatureWrapper)[pri:0, instance:com.selenium.runner.MyTestngRunner@55d56113]" name="runScenario" duration-ms="16443" started-at="2020-08-16T13:29:30 BST" description="Runs Cucumber Scenarios" data-provider="scenarios" finished-at="2020-08-16T13:29:47 BST">
          <params>
            <param index="0">
              <value>
                <![CDATA["Lgin to RediffMoney and logout"]]>
              </value>
            </param>
            <param index="1">
              <value>
                <![CDATA["Optional[Loginto Rediff Money]"]]>
              </value>
            </param>
          </params>
          <reporter-output>
          </reporter-output>
        </test-method> <!-- runScenario -->
        <test-method status="PASS" signature="runScenario(io.cucumber.testng.PickleWrapper, io.cucumber.testng.FeatureWrapper)[pri:0, instance:com.selenium.runner.MyTestngRunner@55d56113]" name="runScenario" duration-ms="14081" started-at="2020-08-16T13:29:47 BST" description="Runs Cucumber Scenarios" data-provider="scenarios" finished-at="2020-08-16T13:30:01 BST">
          <params>
            <param index="0">
              <value>
                <![CDATA["Lgin to RediffMoney with invalid credentials"]]>
              </value>
            </param>
            <param index="1">
              <value>
                <![CDATA["Optional[Loginto Rediff Money]"]]>
              </value>
            </param>
          </params>
          <reporter-output>
          </reporter-output>
        </test-method> <!-- runScenario -->
        <test-method status="PASS" signature="runScenario(io.cucumber.testng.PickleWrapper, io.cucumber.testng.FeatureWrapper)[pri:0, instance:com.selenium.runner.MyTestngRunner@55d56113]" name="runScenario" duration-ms="20661" started-at="2020-08-16T13:30:01 BST" description="Runs Cucumber Scenarios" data-provider="scenarios" finished-at="2020-08-16T13:30:21 BST">
          <params>
            <param index="0">
              <value>
                <![CDATA["Adding portFolio"]]>
              </value>
            </param>
            <param index="1">
              <value>
                <![CDATA["Optional[Add and Delete PortFolio]"]]>
              </value>
            </param>
          </params>
          <reporter-output>
          </reporter-output>
        </test-method> <!-- runScenario -->
        <test-method status="PASS" signature="runScenario(io.cucumber.testng.PickleWrapper, io.cucumber.testng.FeatureWrapper)[pri:0, instance:com.selenium.runner.MyTestngRunner@55d56113]" name="runScenario" duration-ms="20214" started-at="2020-08-16T13:30:21 BST" description="Runs Cucumber Scenarios" data-provider="scenarios" finished-at="2020-08-16T13:30:42 BST">
          <params>
            <param index="0">
              <value>
                <![CDATA["Delete portFolio"]]>
              </value>
            </param>
            <param index="1">
              <value>
                <![CDATA["Optional[Add and Delete PortFolio]"]]>
              </value>
            </param>
          </params>
          <reporter-output>
          </reporter-output>
        </test-method> <!-- runScenario -->
        <test-method status="PASS" signature="tearDownClass()[pri:0, instance:com.selenium.runner.MyTestngRunner@55d56113]" name="tearDownClass" is-config="true" duration-ms="141" started-at="2020-08-16T13:30:42 BST" finished-at="2020-08-16T13:30:42 BST">
          <reporter-output>
          </reporter-output>
        </test-method> <!-- tearDownClass -->
      </class> <!-- com.selenium.runner.MyTestngRunner -->
    </test> <!-- Test AA -->
  </suite> <!-- Suite 1 -->
</testng-results>
